<?xml version="1.0" encoding="UTF-8"?>
<!-- Generated by org.testng.reporters.JUnitXMLReporter -->
<testsuite hostname="BDC3-LX-72307C" ignored="0" name="Test1" tests="2" failures="1" timestamp="07 Aug 2018 05:26:10 GMT" time="21.645" errors="0">
  <testcase name="newTour" time="10.121" classname="com.Test.testDataClass"/>
  <testcase name="newTour" time="2.799" classname="com.Test.testDataClass">
    <failure type="java.lang.AssertionError" message="expected [Find a Flight: Mercury Tours:] but found [Sign-on: Mercury Tours]">
      <![CDATA[java.lang.AssertionError: expected [Find a Flight: Mercury Tours:] but found [Sign-on: Mercury Tours]
at com.Test.testDataClass.newTour(testDataClass.java:38)
at java.util.concurrent.FutureTask.run(Unknown Source)
at java.util.concurrent.ThreadPoolExecutor.runWorker(Unknown Source)
at java.util.concurrent.ThreadPoolExecutor$Worker.run(Unknown Source)
at java.lang.Thread.run(Unknown Source)
... Removed 22 stack frames]]>
    </failure>
  </testcase> <!-- newTour -->
</testsuite> <!-- Test1 -->
